<?xml version="1.0" encoding="UTF-8"?>
<!-- Generated by org.testng.reporters.JUnitReportReporter -->
<testsuite hostname="Helfdane-ПК" name="BrowserTest" tests="1" failures="0" timestamp="15 May 2015 09:19:39 GMT" time="0.035" errors="0">
  <testcase name="testPrintMessage" time="0.035" classname="BrowserTest"/>
</testsuite> <!-- BrowserTest -->
